#
# There is insufficient memory for the Java Runtime Environment to continue.
# Native memory allocation (mmap) failed to map 132120576 bytes for G1 virtual space
# Possible reasons:
#   The system is out of physical RAM or swap space
#   The process is running with CompressedOops enabled, and the Java Heap may be blocking the growth of the native heap
# Possible solutions:
#   Reduce memory load on the system
#   Increase physical memory or swap space
#   Check if swap backing store is full
#   Decrease Java heap size (-Xmx/-Xms)
#   Decrease number of Java threads
#   Decrease Java thread stack sizes (-Xss)
#   Set larger code cache with -XX:ReservedCodeCacheSize=
#   JVM is running with Unscaled Compressed Oops mode in which the Java heap is
#     placed in the first 4GB address space. The Java Heap base address is the
#     maximum limit for the native heap growth. Please use -XX:HeapBaseMinAddress
#     to set the Java Heap base and to place the Java Heap above 4GB virtual address.
# This output file may be truncated or incomplete.
#
#  Out of Memory Error (os_windows.cpp:3469), pid=31384, tid=10456
#
# JRE version:  (17.0.1+12) (build )
# Java VM: OpenJDK 64-Bit Server VM (17.0.1+12, mixed mode, sharing, tiered, compressed oops, compressed class ptrs, g1 gc, windows-amd64)
# No core dump will be written. Minidumps are not enabled by default on client versions of Windows
#

---------------  S U M M A R Y ------------

Command Line: -Dfile.encoding=Cp1252 -XX:+ShowCodeDetailsInExceptionMessages chromeOptionsClassStudy.ChromeOPtionsuse

Host: 11th Gen Intel(R) Core(TM) i3-1125G4 @ 2.00GHz, 8 cores, 7G,  Windows 10 , 64 bit Build 22621 (10.0.22621.2428)
Time: Mon Nov 27 17:17:48 2023 India Standard Time elapsed time: 0.205089 seconds (0d 0h 0m 0s)

---------------  T H R E A D  ---------------

Current thread (0x000002370c9bcfb0):  JavaThread "Unknown thread" [_thread_in_vm, id=10456, stack(0x0000009c5a300000,0x0000009c5a400000)]

Stack: [0x0000009c5a300000,0x0000009c5a400000]
Native frames: (J=compiled Java code, j=interpreted, Vv=VM code, C=native code)
V  [jvm.dll+0x6744da]
V  [jvm.dll+0x82e144]
V  [jvm.dll+0x82f8ee]
V  [jvm.dll+0x82ff53]
V  [jvm.dll+0x245175]
V  [jvm.dll+0x6714c9]
V  [jvm.dll+0x665f92]
V  [jvm.dll+0x303c3b]
V  [jvm.dll+0x30b176]
V  [jvm.dll+0x35af1e]
V  [jvm.dll+0x35b14f]
V  [jvm.dll+0x2dab78]
V  [jvm.dll+0x2dbae4]
V  [jvm.dll+0x7ffdf1]
V  [jvm.dll+0x368c91]
V  [jvm.dll+0x7df2cc]
V  [jvm.dll+0x3eb59f]
V  [jvm.dll+0x3ed121]
C  [jli.dll+0x5277]
C  [ucrtbase.dll+0x29363]
C  [KERNEL32.DLL+0x1257d]
C  [ntdll.dll+0x5aa78]


---------------  P R O C E S S  ---------------

Threads class SMR info:
_java_thread_list=0x00007ffeccac4e58, length=0, elements={
}

Java Threads: ( => current thread )

Other Threads:
  0x000002370c9fdce0 GCTaskThread "GC Thread#0" [stack: 0x0000009c5a400000,0x0000009c5a500000] [id=3260]
  0x000002370ca0e4e0 ConcurrentGCThread "G1 Main Marker" [stack: 0x0000009c5a500000,0x0000009c5a600000] [id=39408]
  0x000002370ca0eef0 ConcurrentGCThread "G1 Conc#0" [stack: 0x0000009c5a600000,0x0000009c5a700000] [id=19520]

[error occurred during error reporting (printing all threads), id 0xc0000005, EXCEPTION_ACCESS_VIOLATION (0xc0000005) at pc=0x00007ffecc29b5f7]

VM state: not at safepoint (not fully initialized)

VM Mutex/Monitor currently owned by a thread:  ([mutex/lock_event])
[0x000002370c9b95d0] Heap_lock - owner thread: 0x000002370c9bcfb0

Heap address: 0x0000000083a00000, size: 1990 MB, Compressed Oops mode: 32-bit

CDS archive(s) mapped at: [0x0000000000000000-0x0000000000000000-0x0000000000000000), size 0, SharedBaseAddress: 0x0000000800000000, ArchiveRelocationMode: 0.
Narrow klass base: 0x0000000000000000, Narrow klass shift: 0, Narrow klass range: 0x0

GC Precious Log:
<Empty>

Heap:
 garbage-first heap   total 0K, used 0K [0x0000000083a00000, 0x0000000100000000)
  region size 1024K, 0 young (0K), 0 survivors (0K)

[error occurred during error reporting (printing heap information), id 0xc0000005, EXCEPTION_ACCESS_VIOLATION (0xc0000005) at pc=0x00007ffecc67d729]

GC Heap History (0 events):
No events

Deoptimization events (0 events):
No events

Classes unloaded (0 events):
No events

Classes redefined (0 events):
No events

Internal exceptions (0 events):
No events

VM Operations (0 events):
No events

Events (1 events):
Event: 0.124 Loaded shared library C:\Users\prati\.p2\pool\plugins\org.eclipse.justj.openjdk.hotspot.jre.full.win32.x86_64_17.0.1.v20211116-1657\jre\bin\java.dll


Dynamic libraries:
0x00007ff6fb8b0000 - 0x00007ff6fb8be000 	C:\Users\prati\.p2\pool\plugins\org.eclipse.justj.openjdk.hotspot.jre.full.win32.x86_64_17.0.1.v20211116-1657\jre\bin\javaw.exe
0x00007fff4dc30000 - 0x00007fff4de47000 	C:\WINDOWS\SYSTEM32\ntdll.dll
0x00007fff4c950000 - 0x00007fff4ca14000 	C:\WINDOWS\System32\KERNEL32.DLL
0x00007fff4b070000 - 0x00007fff4b416000 	C:\WINDOWS\System32\KERNELBASE.dll
0x00007fff4b420000 - 0x00007fff4b531000 	C:\WINDOWS\System32\ucrtbase.dll
0x00007fff2ffb0000 - 0x00007fff2ffc8000 	C:\Users\prati\.p2\pool\plugins\org.eclipse.justj.openjdk.hotspot.jre.full.win32.x86_64_17.0.1.v20211116-1657\jre\bin\jli.dll
0x00007fff4bb80000 - 0x00007fff4bd2d000 	C:\WINDOWS\System32\USER32.dll
0x00007fff4b6e0000 - 0x00007fff4b706000 	C:\WINDOWS\System32\win32u.dll
0x00007fff4c860000 - 0x00007fff4c889000 	C:\WINDOWS\System32\GDI32.dll
0x00007fff4b540000 - 0x00007fff4b658000 	C:\WINDOWS\System32\gdi32full.dll
0x00007fff4b710000 - 0x00007fff4b7aa000 	C:\WINDOWS\System32\msvcp_win.dll
0x00007fff2d9f0000 - 0x00007fff2dc83000 	C:\WINDOWS\WinSxS\amd64_microsoft.windows.common-controls_6595b64144ccf1df_6.0.22621.2361_none_2712ced57382f843\COMCTL32.dll
0x00007fff1a820000 - 0x00007fff1a839000 	C:\Users\prati\.p2\pool\plugins\org.eclipse.justj.openjdk.hotspot.jre.full.win32.x86_64_17.0.1.v20211116-1657\jre\bin\VCRUNTIME140.dll
0x00007fff4bd30000 - 0x00007fff4bdd7000 	C:\WINDOWS\System32\msvcrt.dll
0x00007fff4d800000 - 0x00007fff4d831000 	C:\WINDOWS\System32\IMM32.DLL
0x00007fff45f40000 - 0x00007fff45f4c000 	C:\Users\prati\.p2\pool\plugins\org.eclipse.justj.openjdk.hotspot.jre.full.win32.x86_64_17.0.1.v20211116-1657\jre\bin\vcruntime140_1.dll
0x00007fff03cb0000 - 0x00007fff03d41000 	C:\Users\prati\.p2\pool\plugins\org.eclipse.justj.openjdk.hotspot.jre.full.win32.x86_64_17.0.1.v20211116-1657\jre\bin\msvcp140.dll
0x00007ffecbfb0000 - 0x00007ffeccbf6000 	C:\Users\prati\.p2\pool\plugins\org.eclipse.justj.openjdk.hotspot.jre.full.win32.x86_64_17.0.1.v20211116-1657\jre\bin\server\jvm.dll
0x00007fff4b9b0000 - 0x00007fff4ba60000 	C:\WINDOWS\System32\ADVAPI32.dll
0x00007fff4c8a0000 - 0x00007fff4c946000 	C:\WINDOWS\System32\sechost.dll
0x00007fff4d960000 - 0x00007fff4da77000 	C:\WINDOWS\System32\RPCRT4.dll
0x00007fff4bb60000 - 0x00007fff4bb68000 	C:\WINDOWS\System32\PSAPI.DLL
0x00007fff19440000 - 0x00007fff19449000 	C:\WINDOWS\SYSTEM32\WSOCK32.dll
0x00007fff4bac0000 - 0x00007fff4bb31000 	C:\WINDOWS\System32\WS2_32.dll
0x00007fff42a80000 - 0x00007fff42ab4000 	C:\WINDOWS\SYSTEM32\WINMM.dll
0x00007fff45440000 - 0x00007fff4544a000 	C:\WINDOWS\SYSTEM32\VERSION.dll
0x00007fff4a0e0000 - 0x00007fff4a0f8000 	C:\WINDOWS\SYSTEM32\kernel.appcore.dll
0x00007fff3bb20000 - 0x00007fff3bb2a000 	C:\Users\prati\.p2\pool\plugins\org.eclipse.justj.openjdk.hotspot.jre.full.win32.x86_64_17.0.1.v20211116-1657\jre\bin\jimage.dll
0x00007fff489d0000 - 0x00007fff48bfe000 	C:\WINDOWS\SYSTEM32\DBGHELP.DLL
0x00007fff4be30000 - 0x00007fff4c1ba000 	C:\WINDOWS\System32\combase.dll
0x00007fff4db10000 - 0x00007fff4dbe7000 	C:\WINDOWS\System32\OLEAUT32.dll
0x00007fff265c0000 - 0x00007fff265f2000 	C:\WINDOWS\SYSTEM32\dbgcore.DLL
0x00007fff4b660000 - 0x00007fff4b6da000 	C:\WINDOWS\System32\bcryptPrimitives.dll
0x00007fff159c0000 - 0x00007fff159e5000 	C:\Users\prati\.p2\pool\plugins\org.eclipse.justj.openjdk.hotspot.jre.full.win32.x86_64_17.0.1.v20211116-1657\jre\bin\java.dll

dbghelp: loaded successfully - version: 4.0.5 - missing functions: none
symbol engine: initialized successfully - sym options: 0x614 - pdb path: .;C:\Users\prati\.p2\pool\plugins\org.eclipse.justj.openjdk.hotspot.jre.full.win32.x86_64_17.0.1.v20211116-1657\jre\bin;C:\WINDOWS\SYSTEM32;C:\WINDOWS\WinSxS\amd64_microsoft.windows.common-controls_6595b64144ccf1df_6.0.22621.2361_none_2712ced57382f843;C:\Users\prati\.p2\pool\plugins\org.eclipse.justj.openjdk.hotspot.jre.full.win32.x86_64_17.0.1.v20211116-1657\jre\bin\server

VM Arguments:
jvm_args: -Dfile.encoding=Cp1252 -XX:+ShowCodeDetailsInExceptionMessages 
java_command: chromeOptionsClassStudy.ChromeOPtionsuse
java_class_path (initial): C:\practice programs\seleniumStudy\bin;C:\Users\prati\OneDrive\Desktop\selenium-java-4.13.0\async-http-client-2.12.3.jar;C:\Users\prati\OneDrive\Desktop\selenium-java-4.13.0\async-http-client-netty-utils-2.12.3.jar;C:\Users\prati\OneDrive\Desktop\selenium-java-4.13.0\auto-service-annotations-1.1.1.jar;C:\Users\prati\OneDrive\Desktop\selenium-java-4.13.0\byte-buddy-1.14.5.jar;C:\Users\prati\OneDrive\Desktop\selenium-java-4.13.0\checker-qual-3.33.0.jar;C:\Users\prati\OneDrive\Desktop\selenium-java-4.13.0\commons-exec-1.3.jar;C:\Users\prati\OneDrive\Desktop\selenium-java-4.13.0\error_prone_annotations-2.18.0.jar;C:\Users\prati\OneDrive\Desktop\selenium-java-4.13.0\failsafe-3.3.2.jar;C:\Users\prati\OneDrive\Desktop\selenium-java-4.13.0\failureaccess-1.0.1.jar;C:\Users\prati\OneDrive\Desktop\selenium-java-4.13.0\guava-32.1.2-jre.jar;C:\Users\prati\OneDrive\Desktop\selenium-java-4.13.0\j2objc-annotations-2.8.jar;C:\Users\prati\OneDrive\Desktop\selenium-java-4.13.0\jakarta.activation-1.2.2.jar;C:\Users\prati\OneDrive\Desktop\selenium-java-4.13.0\jsr305-3.0.2.jar;C:\Users\prati\OneDrive\Desktop\selenium-java-4.13.0\listenablefuture-9999.0-empty-to-avoid-conflict-with-guava.jar;C:\Users\prati\OneDrive\Desktop\selenium-java-4.13.0\netty-buffer-4.1.96.Final.jar;C:\Users\prati\OneDrive\Desktop\selenium-java-4.13.0\netty-codec-4.1.96.Final.jar;C:\Users\prati\OneDrive\Desktop\selenium-java-4.13.0\netty-codec-http-4.1.96.Final.jar;C:\Users\prati\OneDrive\Desktop\selenium-java-4.13.0\netty-codec-socks-4.1.96.Final.jar;C:\Users\prati\OneDrive\Desktop\selenium-java-4.13.0\netty-common-4.1.96.Final.jar;C:\Users\prati\OneDrive\Desktop\selenium-java-4.13.0\netty-handler-4.1.96.Final.jar;C:\Users\prati\OneDrive\Desktop\selenium-java-4.13.0\netty-handler-proxy-4.1.96.Final.jar;C:\Users\prati\OneDrive\Desktop\selenium-java-4.13.0\netty-reactive-streams-2.0.4.jar;C:\Users\prati\OneDrive\Desktop\selenium-java-4.13.0\netty-resolver-4.1.96.Final.jar;C:\Users\prati\
Launcher Type: SUN_STANDARD

[Global flags]
     intx CICompilerCount                          = 4                                         {product} {ergonomic}
     uint ConcGCThreads                            = 2                                         {product} {ergonomic}
     uint G1ConcRefinementThreads                  = 8                                         {product} {ergonomic}
   size_t G1HeapRegionSize                         = 1048576                                   {product} {ergonomic}
    uintx GCDrainStackTargetSize                   = 64                                        {product} {ergonomic}
   size_t InitialHeapSize                          = 132120576                                 {product} {ergonomic}
   size_t MarkStackSize                            = 4194304                                   {product} {ergonomic}
   size_t MaxHeapSize                              = 2086666240                                {product} {ergonomic}
   size_t MinHeapDeltaBytes                        = 1048576                                   {product} {ergonomic}
   size_t MinHeapSize                              = 8388608                                   {product} {ergonomic}
    uintx NonNMethodCodeHeapSize                   = 5839372                                {pd product} {ergonomic}
    uintx NonProfiledCodeHeapSize                  = 122909434                              {pd product} {ergonomic}
    uintx ProfiledCodeHeapSize                     = 122909434                              {pd product} {ergonomic}
    uintx ReservedCodeCacheSize                    = 251658240                              {pd product} {ergonomic}
     bool SegmentedCodeCache                       = true                                      {product} {ergonomic}
     bool ShowCodeDetailsInExceptionMessages       = true                                   {manageable} {command line}
   size_t SoftMaxHeapSize                          = 2086666240                             {manageable} {ergonomic}
     bool UseCompressedClassPointers               = true                           {product lp64_product} {ergonomic}
     bool UseCompressedOops                        = true                           {product lp64_product} {ergonomic}
     bool UseG1GC                                  = true                                      {product} {ergonomic}
     bool UseLargePagesIndividualAllocation        = false                                  {pd product} {ergonomic}

Logging:
Log output configuration:
 #0: stdout all=warning uptime,level,tags
 #1: stderr all=off uptime,level,tags

Environment Variables:
PATH=C:/Users/prati/.p2/pool/plugins/org.eclipse.justj.openjdk.hotspot.jre.full.win32.x86_64_17.0.1.v20211116-1657/jre/bin/server;C:/Users/prati/.p2/pool/plugins/org.eclipse.justj.openjdk.hotspot.jre.full.win32.x86_64_17.0.1.v20211116-1657/jre/bin;C:\Program Files\Common Files\Oracle\Java\javapath;C:\WINDOWS\system32;C:\WINDOWS;C:\WINDOWS\System32\Wbem;C:\WINDOWS\System32\WindowsPowerShell\v1.0\;C:\WINDOWS\System32\OpenSSH\;C:\Program Files\Java\jdk-17.0.1\bin;C:\Program Files (x86)\Microsoft SQL Server\160\Tools\Binn\;C:\Program Files\Microsoft SQL Server\160\Tools\Binn\;C:\Program Files\Microsoft SQL Server\Client SDK\ODBC\170\Tools\Binn\;C:\Program Files\Microsoft SQL Server\160\DTS\Binn\;C:\Program Files (x86)\Microsoft SQL Server\160\DTS\Binn\;C:\Program Files\Java\jdk-17.0.1\bin;C:\Users\prati\AppData\Local\Microsoft\WindowsApps;;C:\Program Files\Azure Data Studio\bin;C:\Program Files\Azure Data Studio\bin;C:\Program Files\Azure Data Studio\bin;C:\WINDOWS\System32;
USERNAME=sujit kolpe
OS=Windows_NT
PROCESSOR_IDENTIFIER=Intel64 Family 6 Model 140 Stepping 1, GenuineIntel



---------------  S Y S T E M  ---------------

OS:
 Windows 10 , 64 bit Build 22621 (10.0.22621.2428)
OS uptime: 41 days 23:55 hours

CPU: total 8 (initial active 8) (4 cores per cpu, 2 threads per core) family 6 model 140 stepping 1 microcode 0x9a, cx8, cmov, fxsr, ht, mmx, 3dnowpref, sse, sse2, sse3, ssse3, sse4.1, sse4.2, popcnt, lzcnt, tsc, tscinvbit, avx, avx2, aes, erms, clmul, bmi1, bmi2, adx, avx512f, avx512dq, avx512cd, avx512bw, avx512vl, sha, fma, vzeroupper, avx512_vpopcntdq, avx512_vpclmulqdq, avx512_vaes, avx512_vnni, clflush, clflushopt, clwb, avx512_vbmi2, avx512_vbmi

Memory: 4k page, system-wide physical 7959M (520M free)
TotalPageFile size 17134M (AvailPageFile size 80M)
current process WorkingSet (physical memory assigned to process): 11M, peak: 11M
current process commit charge ("private bytes"): 60M, peak: 186M

vm_info: OpenJDK 64-Bit Server VM (17.0.1+12) for windows-amd64 JRE (17.0.1+12), built on Oct 20 2021 07:42:55 by "" with MS VC++ 16.7 (VS2019)

END.
